<?xml version="1.0" ?>
<!DOCTYPE coverage SYSTEM "http://cobertura.sourceforge.net/xml/coverage-04.dtd">
<coverage lines-valid="126"  lines-covered="61"  line-rate="0.4841"  branches-valid="20"  branches-covered="0"  branch-rate="0"  timestamp="1529052444785" complexity="0" version="0.1">
<sources>
	<source>/home/hugh/repos/footballLeague</source>
</sources>
<packages>
	<package name="app"  line-rate="0.9473999999999999"  branch-rate="1" >
	<classes>
		<class name="app.js"  filename="app/app.js"  line-rate="1"  branch-rate="1" >
		<methods>
			<method name="(anonymous_1)"  hits="1"  signature="()V" >
				<lines><line number="1"  hits="1" /></lines>
			</method>
		</methods>
		<lines>
			<line number="1"  hits="1"  branch="false" />
			<line number="4"  hits="1"  branch="false" />
			<line number="6"  hits="1"  branch="false" />
			<line number="7"  hits="1"  branch="false" />
			<line number="8"  hits="1"  branch="false" />
			<line number="9"  hits="1"  branch="false" />
			<line number="10"  hits="1"  branch="false" />
			<line number="11"  hits="1"  branch="false" />
			<line number="12"  hits="1"  branch="false" />
			<line number="14"  hits="1"  branch="false" />
			<line number="15"  hits="1"  branch="false" />
			<line number="17"  hits="1"  branch="false" />
			<line number="18"  hits="1"  branch="false" />
		</lines>
		</class>
		<class name="config.route.js"  filename="app/config.route.js"  line-rate="0.75"  branch-rate="1" >
		<methods>
			<method name="(anonymous_1)"  hits="1"  signature="()V" >
				<lines><line number="1"  hits="1" /></lines>
			</method>
			<method name="config"  hits="0"  signature="()V" >
				<lines><line number="11"  hits="0" /></lines>
			</method>
		</methods>
		<lines>
			<line number="1"  hits="1"  branch="false" />
			<line number="4"  hits="1"  branch="false" />
			<line number="11"  hits="1"  branch="false" />
			<line number="12"  hits="0"  branch="false" />
		</lines>
		</class>
		<class name="module.js"  filename="app/module.js"  line-rate="1"  branch-rate="1" >
		<methods>
			<method name="(anonymous_1)"  hits="1"  signature="()V" >
				<lines><line number="1"  hits="1" /></lines>
			</method>
		</methods>
		<lines>
			<line number="1"  hits="1"  branch="false" />
			<line number="4"  hits="1"  branch="false" />
		</lines>
		</class>
	</classes>
	</package>
	<package name="app.core"  line-rate="0.3297"  branch-rate="0" >
	<classes>
		<class name="firebase-util.js"  filename="app/core/firebase-util.js"  line-rate="0.5455"  branch-rate="1" >
		<methods>
			<method name="(anonymous_1)"  hits="1"  signature="()V" >
				<lines><line number="1"  hits="1" /></lines>
			</method>
			<method name="firebaseUtil"  hits="0"  signature="()V" >
				<lines><line number="8"  hits="0" /></lines>
			</method>
			<method name="loaded"  hits="0"  signature="()V" >
				<lines><line number="16"  hits="0" /></lines>
			</method>
			<method name="loadedAsPromise"  hits="0"  signature="()V" >
				<lines><line number="20"  hits="0" /></lines>
			</method>
			<method name="serverTime"  hits="0"  signature="()V" >
				<lines><line number="27"  hits="0" /></lines>
			</method>
		</methods>
		<lines>
			<line number="1"  hits="1"  branch="false" />
			<line number="4"  hits="1"  branch="false" />
			<line number="8"  hits="1"  branch="false" />
			<line number="9"  hits="0"  branch="false" />
			<line number="16"  hits="1"  branch="false" />
			<line number="17"  hits="0"  branch="false" />
			<line number="18"  hits="0"  branch="false" />
			<line number="20"  hits="1"  branch="false" />
			<line number="21"  hits="0"  branch="false" />
			<line number="27"  hits="1"  branch="false" />
			<line number="28"  hits="0"  branch="false" />
		</lines>
		</class>
		<class name="index.js"  filename="app/core/index.js"  line-rate="1"  branch-rate="1" >
		<methods>
			<method name="(anonymous_1)"  hits="1"  signature="()V" >
				<lines><line number="1"  hits="1" /></lines>
			</method>
		</methods>
		<lines>
			<line number="1"  hits="1"  branch="false" />
			<line number="4"  hits="1"  branch="false" />
			<line number="5"  hits="1"  branch="false" />
			<line number="7"  hits="1"  branch="false" />
			<line number="8"  hits="1"  branch="false" />
			<line number="9"  hits="1"  branch="false" />
		</lines>
		</class>
		<class name="module.js"  filename="app/core/module.js"  line-rate="1"  branch-rate="1" >
		<methods>
			<method name="(anonymous_1)"  hits="1"  signature="()V" >
				<lines><line number="1"  hits="1" /></lines>
			</method>
		</methods>
		<lines>
			<line number="1"  hits="1"  branch="false" />
			<line number="4"  hits="1"  branch="false" />
		</lines>
		</class>
		<class name="schema.service.js"  filename="app/core/schema.service.js"  line-rate="0.22219999999999998"  branch-rate="0" >
		<methods>
			<method name="(anonymous_1)"  hits="1"  signature="()V" >
				<lines><line number="1"  hits="1" /></lines>
			</method>
			<method name="schema"  hits="0"  signature="()V" >
				<lines><line number="12"  hits="0" /></lines>
			</method>
			<method name="init"  hits="0"  signature="()V" >
				<lines><line number="35"  hits="0" /></lines>
			</method>
			<method name="(anonymous_4)"  hits="0"  signature="()V" >
				<lines><line number="41"  hits="0" /></lines>
			</method>
			<method name="onAuth"  hits="0"  signature="()V" >
				<lines><line number="45"  hits="0" /></lines>
			</method>
			<method name="(anonymous_6)"  hits="0"  signature="()V" >
				<lines><line number="50"  hits="0" /></lines>
			</method>
			<method name="login"  hits="0"  signature="()V" >
				<lines><line number="62"  hits="0" /></lines>
			</method>
			<method name="logout"  hits="0"  signature="()V" >
				<lines><line number="66"  hits="0" /></lines>
			</method>
			<method name="waitForAuth"  hits="0"  signature="()V" >
				<lines><line number="70"  hits="0" /></lines>
			</method>
			<method name="(anonymous_10)"  hits="0"  signature="()V" >
				<lines><line number="72"  hits="0" /></lines>
			</method>
			<method name="needTokenRefresh"  hits="0"  signature="()V" >
				<lines><line number="80"  hits="0" /></lines>
			</method>
			<method name="sessionLength"  hits="0"  signature="()V" >
				<lines><line number="102"  hits="0" /></lines>
			</method>
			<method name="addRoles"  hits="0"  signature="()V" >
				<lines><line number="110"  hits="0" /></lines>
			</method>
			<method name="(anonymous_14)"  hits="0"  signature="()V" >
				<lines><line number="112"  hits="0" /></lines>
			</method>
			<method name="(anonymous_15)"  hits="0"  signature="()V" >
				<lines><line number="116"  hits="0" /></lines>
			</method>
			<method name="requireAuth"  hits="0"  signature="()V" >
				<lines><line number="123"  hits="0" /></lines>
			</method>
			<method name="(anonymous_17)"  hits="0"  signature="()V" >
				<lines><line number="125"  hits="0" /></lines>
			</method>
			<method name="getRoot"  hits="0"  signature="()V" >
				<lines><line number="137"  hits="0" /></lines>
			</method>
			<method name="getObject"  hits="0"  signature="()V" >
				<lines><line number="141"  hits="0" /></lines>
			</method>
			<method name="getArray"  hits="0"  signature="()V" >
				<lines><line number="149"  hits="0" /></lines>
			</method>
			<method name="lookupUser"  hits="0"  signature="()V" >
				<lines><line number="157"  hits="0" /></lines>
			</method>
		</methods>
		<lines>
			<line number="1"  hits="1"  branch="false" />
			<line number="4"  hits="1"  branch="false" />
			<line number="12"  hits="1"  branch="false" />
			<line number="13"  hits="0"  branch="false" />
			<line number="15"  hits="0"  branch="false" />
			<line number="16"  hits="0"  branch="false" />
			<line number="18"  hits="0"  branch="false" />
			<line number="29"  hits="0"  branch="false" />
			<line number="31"  hits="0"  branch="false" />
			<line number="35"  hits="1"  branch="false" />
			<line number="37"  hits="0"  branch="false" />
			<line number="38"  hits="0"  branch="false" />
			<line number="40"  hits="0"  branch="false" />
			<line number="41"  hits="0"  branch="false" />
			<line number="42"  hits="0"  branch="false" />
			<line number="45"  hits="1"  branch="false" />
			<line number="46"  hits="0"  branch="true"  condition-coverage="0% (0/2)" />
			<line number="47"  hits="0"  branch="false" />
			<line number="48"  hits="0"  branch="false" />
			<line number="49"  hits="0"  branch="false" />
			<line number="51"  hits="0"  branch="false" />
			<line number="52"  hits="0"  branch="false" />
			<line number="56"  hits="0"  branch="false" />
			<line number="57"  hits="0"  branch="false" />
			<line number="62"  hits="1"  branch="false" />
			<line number="63"  hits="0"  branch="false" />
			<line number="66"  hits="1"  branch="false" />
			<line number="67"  hits="0"  branch="false" />
			<line number="70"  hits="1"  branch="false" />
			<line number="71"  hits="0"  branch="false" />
			<line number="73"  hits="0"  branch="true"  condition-coverage="0% (0/2)" />
			<line number="74"  hits="0"  branch="false" />
			<line number="77"  hits="0"  branch="false" />
			<line number="80"  hits="1"  branch="false" />
			<line number="81"  hits="0"  branch="false" />
			<line number="82"  hits="0"  branch="false" />
			<line number="85"  hits="0"  branch="true"  condition-coverage="0% (0/2)" />
			<line number="86"  hits="0"  branch="false" />
			<line number="90"  hits="0"  branch="true"  condition-coverage="0% (0/2)" />
			<line number="91"  hits="0"  branch="false" />
			<line number="95"  hits="0"  branch="true"  condition-coverage="0% (0/2)" />
			<line number="96"  hits="0"  branch="false" />
			<line number="99"  hits="0"  branch="false" />
			<line number="102"  hits="1"  branch="false" />
			<line number="103"  hits="0"  branch="true"  condition-coverage="0% (0/2)" />
			<line number="104"  hits="0"  branch="false" />
			<line number="107"  hits="0"  branch="false" />
			<line number="110"  hits="1"  branch="false" />
			<line number="111"  hits="0"  branch="false" />
			<line number="113"  hits="0"  branch="false" />
			<line number="114"  hits="0"  branch="false" />
			<line number="117"  hits="0"  branch="false" />
			<line number="118"  hits="0"  branch="false" />
			<line number="123"  hits="1"  branch="false" />
			<line number="124"  hits="0"  branch="false" />
			<line number="126"  hits="0"  branch="true"  condition-coverage="0% (0/2)" />
			<line number="127"  hits="0"  branch="false" />
			<line number="129"  hits="0"  branch="true"  condition-coverage="0% (0/2)" />
			<line number="131"  hits="0"  branch="false" />
			<line number="133"  hits="0"  branch="false" />
			<line number="137"  hits="1"  branch="false" />
			<line number="138"  hits="0"  branch="false" />
			<line number="141"  hits="1"  branch="false" />
			<line number="142"  hits="0"  branch="true"  condition-coverage="0% (0/2)" />
			<line number="143"  hits="0"  branch="false" />
			<line number="146"  hits="0"  branch="false" />
			<line number="149"  hits="1"  branch="false" />
			<line number="150"  hits="0"  branch="true"  condition-coverage="0% (0/2)" />
			<line number="151"  hits="0"  branch="false" />
			<line number="154"  hits="0"  branch="false" />
			<line number="157"  hits="1"  branch="false" />
			<line number="158"  hits="0"  branch="false" />
		</lines>
		</class>
	</classes>
	</package>
	<package name="app.home"  line-rate="0.8125"  branch-rate="1" >
	<classes>
		<class name="config.route.js"  filename="app/home/config.route.js"  line-rate="0.75"  branch-rate="1" >
		<methods>
			<method name="(anonymous_1)"  hits="1"  signature="()V" >
				<lines><line number="1"  hits="1" /></lines>
			</method>
			<method name="initRoutes"  hits="0"  signature="()V" >
				<lines><line number="11"  hits="0" /></lines>
			</method>
		</methods>
		<lines>
			<line number="1"  hits="1"  branch="false" />
			<line number="4"  hits="1"  branch="false" />
			<line number="11"  hits="1"  branch="false" />
			<line number="12"  hits="0"  branch="false" />
		</lines>
		</class>
		<class name="home.controller.js"  filename="app/home/home.controller.js"  line-rate="0.6667000000000001"  branch-rate="1" >
		<methods>
			<method name="(anonymous_1)"  hits="1"  signature="()V" >
				<lines><line number="1"  hits="1" /></lines>
			</method>
			<method name="HomeController"  hits="0"  signature="()V" >
				<lines><line number="11"  hits="0" /></lines>
			</method>
			<method name="myProject"  hits="0"  signature="()V" >
				<lines><line number="18"  hits="0" /></lines>
			</method>
		</methods>
		<lines>
			<line number="1"  hits="1"  branch="false" />
			<line number="4"  hits="1"  branch="false" />
			<line number="11"  hits="1"  branch="false" />
			<line number="12"  hits="0"  branch="false" />
			<line number="14"  hits="0"  branch="false" />
			<line number="18"  hits="1"  branch="false" />
		</lines>
		</class>
		<class name="home.module.js"  filename="app/home/home.module.js"  line-rate="1"  branch-rate="1" >
		<methods>
			<method name="(anonymous_1)"  hits="1"  signature="()V" >
				<lines><line number="1"  hits="1" /></lines>
			</method>
		</methods>
		<lines>
			<line number="1"  hits="1"  branch="false" />
			<line number="4"  hits="1"  branch="false" />
		</lines>
		</class>
		<class name="index.js"  filename="app/home/index.js"  line-rate="1"  branch-rate="1" >
		<methods>
			<method name="(anonymous_1)"  hits="1"  signature="()V" >
				<lines><line number="1"  hits="1" /></lines>
			</method>
		</methods>
		<lines>
			<line number="1"  hits="1"  branch="false" />
			<line number="4"  hits="1"  branch="false" />
			<line number="6"  hits="1"  branch="false" />
			<line number="8"  hits="1"  branch="false" />
		</lines>
		</class>
	</classes>
	</package>
</packages>
</coverage>
